[debug] [2024-09-08T07:36:27.968Z] ----------------------------------------------------------------------
[debug] [2024-09-08T07:36:27.970Z] Command:       C:\Program Files\nodejs\node.exe C:\Users\ajith\AppData\Roaming\npm\node_modules\firebase-tools\lib\bin\firebase.js init
[debug] [2024-09-08T07:36:27.970Z] CLI Version:   13.16.0
[debug] [2024-09-08T07:36:27.970Z] Platform:      win32
[debug] [2024-09-08T07:36:27.971Z] Node Version:  v20.17.0
[debug] [2024-09-08T07:36:27.971Z] Time:          Sun Sep 08 2024 13:06:27 GMT+0530 (India Standard Time)
[debug] [2024-09-08T07:36:27.971Z] ----------------------------------------------------------------------
[debug] 
[debug] [2024-09-08T07:36:27.975Z] > command requires scopes: ["email","openid","https://www.googleapis.com/auth/cloudplatformprojects.readonly","https://www.googleapis.com/auth/firebase","https://www.googleapis.com/auth/cloud-platform"]
[debug] [2024-09-08T07:36:27.976Z] > authorizing via signed-in user (ajithnarayana57@gmail.com)
[info] 
     ######## #### ########  ######## ########     ###     ######  ########
     ##        ##  ##     ## ##       ##     ##  ##   ##  ##       ##
     ######    ##  ########  ######   ########  #########  ######  ######
     ##        ##  ##    ##  ##       ##     ## ##     ##       ## ##
     ##       #### ##     ## ######## ########  ##     ##  ######  ########

You're about to initialize a Firebase project in this directory:

  C:\Users\ajith\Desktop\acowale\aconews

[info] 
=== Project Setup
[info] 
[info] First, let's associate this project directory with a Firebase project.
[info] You can create multiple project aliases by running firebase use --add, 
[info] but for now we'll just set up a default project.
[info] 
[debug] [2024-09-08T07:36:44.250Z] >>> [apiv2][query] GET https://firebase.googleapis.com/v1beta1/projects pageSize=100
[debug] [2024-09-08T07:36:44.886Z] <<< [apiv2][status] GET https://firebase.googleapis.com/v1beta1/projects 200
[debug] [2024-09-08T07:36:44.886Z] <<< [apiv2][body] GET https://firebase.googleapis.com/v1beta1/projects [omitted]
[info] i  Using project aconews-9fc78 (aconews) 
[info] 
=== Database Setup
[info] i  database: ensuring required API firebasedatabase.googleapis.com is enabled... 
[debug] [2024-09-08T07:36:46.435Z] >>> [apiv2][query] GET https://serviceusage.googleapis.com/v1/projects/aconews-9fc78/services/firebasedatabase.googleapis.com [none]
[debug] [2024-09-08T07:36:46.436Z] >>> [apiv2][(partial)header] GET https://serviceusage.googleapis.com/v1/projects/aconews-9fc78/services/firebasedatabase.googleapis.com x-goog-quota-user=projects/aconews-9fc78
[debug] [2024-09-08T07:36:48.034Z] <<< [apiv2][status] GET https://serviceusage.googleapis.com/v1/projects/aconews-9fc78/services/firebasedatabase.googleapis.com 200
[debug] [2024-09-08T07:36:48.034Z] <<< [apiv2][body] GET https://serviceusage.googleapis.com/v1/projects/aconews-9fc78/services/firebasedatabase.googleapis.com [omitted]
[info] +  database: required API firebasedatabase.googleapis.com is enabled 
[info] 
[debug] [2024-09-08T07:36:48.035Z] >>> [apiv2][query] GET https://firebasedatabase.googleapis.com/v1beta/projects/aconews-9fc78/locations/-/instances/aconews-9fc78-default-rtdb [none]
[debug] [2024-09-08T07:36:49.582Z] <<< [apiv2][status] GET https://firebasedatabase.googleapis.com/v1beta/projects/aconews-9fc78/locations/-/instances/aconews-9fc78-default-rtdb 200
[debug] [2024-09-08T07:36:49.583Z] <<< [apiv2][body] GET https://firebasedatabase.googleapis.com/v1beta/projects/aconews-9fc78/locations/-/instances/aconews-9fc78-default-rtdb {"name":"projects/468857793274/locations/asia-southeast1/instances/aconews-9fc78-default-rtdb","project":"projects/468857793274","databaseUrl":"https://aconews-9fc78-default-rtdb.asia-southeast1.firebasedatabase.app","type":"DEFAULT_DATABASE","state":"ACTIVE"}
[info] 
[info] Firebase Realtime Database Security Rules allow you to define how your data should be
[info] structured and when your data can be read from and written to.
[info] 
[debug] [2024-09-08T07:36:54.429Z] >>> [apiv2][query] GET https://aconews-9fc78-default-rtdb.asia-southeast1.firebasedatabase.app/.settings/rules.json [none]
[debug] [2024-09-08T07:36:54.577Z] <<< [apiv2][status] GET https://aconews-9fc78-default-rtdb.asia-southeast1.firebasedatabase.app/.settings/rules.json 200
[debug] [2024-09-08T07:36:54.577Z] <<< [apiv2][body] GET https://aconews-9fc78-default-rtdb.asia-southeast1.firebasedatabase.app/.settings/rules.json [stream]
[info] +  Database Rules for aconews-9fc78-default-rtdb have been written to database.rules.json. 
[info] Future modifications to database.rules.json will update Realtime Database Security Rules when you run
[info] firebase deploy.
[info] 
=== Firestore Setup
[debug] [2024-09-08T07:36:54.579Z] >>> [apiv2][query] GET https://serviceusage.googleapis.com/v1/projects/aconews-9fc78/services/firestore.googleapis.com [none]
[debug] [2024-09-08T07:36:54.580Z] >>> [apiv2][(partial)header] GET https://serviceusage.googleapis.com/v1/projects/aconews-9fc78/services/firestore.googleapis.com x-goog-quota-user=projects/aconews-9fc78
[debug] [2024-09-08T07:36:56.197Z] <<< [apiv2][status] GET https://serviceusage.googleapis.com/v1/projects/aconews-9fc78/services/firestore.googleapis.com 200
[debug] [2024-09-08T07:36:56.197Z] <<< [apiv2][body] GET https://serviceusage.googleapis.com/v1/projects/aconews-9fc78/services/firestore.googleapis.com [omitted]
[debug] [2024-09-08T07:36:56.197Z] >>> [apiv2][query] GET https://firestore.googleapis.com/v1/projects/aconews-9fc78/databases/(default) [none]
[debug] [2024-09-08T07:36:56.532Z] <<< [apiv2][status] GET https://firestore.googleapis.com/v1/projects/aconews-9fc78/databases/(default) 200
[debug] [2024-09-08T07:36:56.532Z] <<< [apiv2][body] GET https://firestore.googleapis.com/v1/projects/aconews-9fc78/databases/(default) {"name":"projects/aconews-9fc78/databases/(default)","uid":"e1721ec9-82e2-4c22-ac8b-24a8675540f6","createTime":"2024-09-08T07:35:59.116477Z","updateTime":"2024-09-08T07:35:59.116477Z","locationId":"asia-south1","type":"FIRESTORE_NATIVE","concurrencyMode":"PESSIMISTIC","versionRetentionPeriod":"3600s","earliestVersionTime":"2024-09-08T07:35:59.116477Z","appEngineIntegrationMode":"DISABLED","keyPrefix":"j","pointInTimeRecoveryEnablement":"POINT_IN_TIME_RECOVERY_DISABLED","deleteProtectionState":"DELETE_PROTECTION_DISABLED","etag":"IPb706PrsogDML35nIjrsogD"}
[debug] [2024-09-08T07:36:56.532Z] database_type: FIRESTORE_NATIVE
[debug] [2024-09-08T07:36:56.532Z] > command requires scopes: ["email","openid","https://www.googleapis.com/auth/cloudplatformprojects.readonly","https://www.googleapis.com/auth/firebase","https://www.googleapis.com/auth/cloud-platform"]
[debug] [2024-09-08T07:36:56.533Z] > authorizing via signed-in user (ajithnarayana57@gmail.com)
[debug] [2024-09-08T07:36:56.533Z] [iam] checking project aconews-9fc78 for permissions ["firebase.projects.get"]
[debug] [2024-09-08T07:36:56.533Z] >>> [apiv2][query] POST https://cloudresourcemanager.googleapis.com/v1/projects/aconews-9fc78:testIamPermissions [none]
[debug] [2024-09-08T07:36:56.533Z] >>> [apiv2][(partial)header] POST https://cloudresourcemanager.googleapis.com/v1/projects/aconews-9fc78:testIamPermissions x-goog-quota-user=projects/aconews-9fc78
[debug] [2024-09-08T07:36:56.533Z] >>> [apiv2][body] POST https://cloudresourcemanager.googleapis.com/v1/projects/aconews-9fc78:testIamPermissions {"permissions":["firebase.projects.get"]}
[debug] [2024-09-08T07:36:57.767Z] <<< [apiv2][status] POST https://cloudresourcemanager.googleapis.com/v1/projects/aconews-9fc78:testIamPermissions 200
[debug] [2024-09-08T07:36:57.767Z] <<< [apiv2][body] POST https://cloudresourcemanager.googleapis.com/v1/projects/aconews-9fc78:testIamPermissions {"permissions":["firebase.projects.get"]}
[info] 
[info] Firestore Security Rules allow you to define how and when to allow
[info] requests. You can keep these rules in your project directory
[info] and publish them with firebase deploy.
[info] 
[debug] [2024-09-08T07:36:59.281Z] >>> [apiv2][query] GET https://firebaserules.googleapis.com/v1/projects/aconews-9fc78/releases pageSize=10&pageToken=
[debug] [2024-09-08T07:37:00.647Z] <<< [apiv2][status] GET https://firebaserules.googleapis.com/v1/projects/aconews-9fc78/releases 200
[debug] [2024-09-08T07:37:00.647Z] <<< [apiv2][body] GET https://firebaserules.googleapis.com/v1/projects/aconews-9fc78/releases {"releases":[{"name":"projects/aconews-9fc78/releases/cloud.firestore","rulesetName":"projects/aconews-9fc78/rulesets/22a5617c-92a1-4792-9c0b-6746884cb0cc","createTime":"2024-09-08T07:36:14.264002Z","updateTime":"2024-09-08T07:36:14.264002Z"}]}
[debug] [2024-09-08T07:37:00.647Z] Found ruleset: projects/aconews-9fc78/rulesets/22a5617c-92a1-4792-9c0b-6746884cb0cc
[debug] [2024-09-08T07:37:00.648Z] >>> [apiv2][query] GET https://firebaserules.googleapis.com/v1/projects/aconews-9fc78/rulesets/22a5617c-92a1-4792-9c0b-6746884cb0cc [none]
[debug] [2024-09-08T07:37:01.903Z] <<< [apiv2][status] GET https://firebaserules.googleapis.com/v1/projects/aconews-9fc78/rulesets/22a5617c-92a1-4792-9c0b-6746884cb0cc 200
[debug] [2024-09-08T07:37:01.903Z] <<< [apiv2][body] GET https://firebaserules.googleapis.com/v1/projects/aconews-9fc78/rulesets/22a5617c-92a1-4792-9c0b-6746884cb0cc [omitted]
[info] 
[info] Firestore indexes allow you to perform complex queries while
[info] maintaining performance that scales with the size of the result
[info] set. You can keep index definitions in your project directory
[info] and publish them with firebase deploy.
[info] 
[debug] [2024-09-08T07:37:03.283Z] >>> [apiv2][query] GET https://firestore.googleapis.com/v1/projects/aconews-9fc78/databases/(default)/collectionGroups/-/indexes [none]
[debug] [2024-09-08T07:37:03.285Z] >>> [apiv2][query] GET https://firestore.googleapis.com/v1/projects/aconews-9fc78/databases/(default)/collectionGroups/-/fields?filter=indexConfig.usesAncestorConfig=false OR ttlConfig:* [none]
[debug] [2024-09-08T07:37:03.524Z] <<< [apiv2][status] GET https://firestore.googleapis.com/v1/projects/aconews-9fc78/databases/(default)/collectionGroups/-/indexes 200
[debug] [2024-09-08T07:37:03.524Z] <<< [apiv2][body] GET https://firestore.googleapis.com/v1/projects/aconews-9fc78/databases/(default)/collectionGroups/-/indexes {}
[debug] [2024-09-08T07:37:03.624Z] <<< [apiv2][status] GET https://firestore.googleapis.com/v1/projects/aconews-9fc78/databases/(default)/collectionGroups/-/fields?filter=indexConfig.usesAncestorConfig=false OR ttlConfig:* 200
[debug] [2024-09-08T07:37:03.624Z] <<< [apiv2][body] GET https://firestore.googleapis.com/v1/projects/aconews-9fc78/databases/(default)/collectionGroups/-/fields?filter=indexConfig.usesAncestorConfig=false OR ttlConfig:* {"fields":[{"name":"projects/aconews-9fc78/databases/(default)/collectionGroups/__default__/fields/*","indexConfig":{"indexes":[{"queryScope":"COLLECTION","fields":[{"fieldPath":"*","order":"ASCENDING"}],"state":"READY"},{"queryScope":"COLLECTION","fields":[{"fieldPath":"*","order":"DESCENDING"}],"state":"READY"},{"queryScope":"COLLECTION","fields":[{"fieldPath":"*","arrayConfig":"CONTAINS"}],"state":"READY"}]}}]}
[info] 
=== Functions Setup
[debug] [2024-09-08T07:37:03.626Z] > command requires scopes: ["email","openid","https://www.googleapis.com/auth/cloudplatformprojects.readonly","https://www.googleapis.com/auth/firebase","https://www.googleapis.com/auth/cloud-platform"]
[debug] [2024-09-08T07:37:03.626Z] > authorizing via signed-in user (ajithnarayana57@gmail.com)
[debug] [2024-09-08T07:37:03.626Z] [iam] checking project aconews-9fc78 for permissions ["firebase.projects.get"]
[debug] [2024-09-08T07:37:03.626Z] >>> [apiv2][query] POST https://cloudresourcemanager.googleapis.com/v1/projects/aconews-9fc78:testIamPermissions [none]
[debug] [2024-09-08T07:37:03.627Z] >>> [apiv2][(partial)header] POST https://cloudresourcemanager.googleapis.com/v1/projects/aconews-9fc78:testIamPermissions x-goog-quota-user=projects/aconews-9fc78
[debug] [2024-09-08T07:37:03.627Z] >>> [apiv2][body] POST https://cloudresourcemanager.googleapis.com/v1/projects/aconews-9fc78:testIamPermissions {"permissions":["firebase.projects.get"]}
[debug] [2024-09-08T07:37:04.871Z] <<< [apiv2][status] POST https://cloudresourcemanager.googleapis.com/v1/projects/aconews-9fc78:testIamPermissions 200
[debug] [2024-09-08T07:37:04.872Z] <<< [apiv2][body] POST https://cloudresourcemanager.googleapis.com/v1/projects/aconews-9fc78:testIamPermissions {"permissions":["firebase.projects.get"]}
[debug] [2024-09-08T07:37:04.872Z] >>> [apiv2][query] GET https://serviceusage.googleapis.com/v1/projects/aconews-9fc78/services/cloudfunctions.googleapis.com [none]
[debug] [2024-09-08T07:37:04.872Z] >>> [apiv2][(partial)header] GET https://serviceusage.googleapis.com/v1/projects/aconews-9fc78/services/cloudfunctions.googleapis.com x-goog-quota-user=projects/aconews-9fc78
[debug] [2024-09-08T07:37:04.873Z] >>> [apiv2][query] GET https://serviceusage.googleapis.com/v1/projects/aconews-9fc78/services/runtimeconfig.googleapis.com [none]
[debug] [2024-09-08T07:37:04.873Z] >>> [apiv2][(partial)header] GET https://serviceusage.googleapis.com/v1/projects/aconews-9fc78/services/runtimeconfig.googleapis.com x-goog-quota-user=projects/aconews-9fc78
[debug] [2024-09-08T07:37:06.456Z] <<< [apiv2][status] GET https://serviceusage.googleapis.com/v1/projects/aconews-9fc78/services/runtimeconfig.googleapis.com 200
[debug] [2024-09-08T07:37:06.456Z] <<< [apiv2][body] GET https://serviceusage.googleapis.com/v1/projects/aconews-9fc78/services/runtimeconfig.googleapis.com [omitted]
[debug] [2024-09-08T07:37:06.514Z] <<< [apiv2][status] GET https://serviceusage.googleapis.com/v1/projects/aconews-9fc78/services/cloudfunctions.googleapis.com 200
[debug] [2024-09-08T07:37:06.514Z] <<< [apiv2][body] GET https://serviceusage.googleapis.com/v1/projects/aconews-9fc78/services/cloudfunctions.googleapis.com [omitted]
[debug] [2024-09-08T07:37:06.514Z] >>> [apiv2][query] POST https://serviceusage.googleapis.com/v1/projects/aconews-9fc78/services/cloudfunctions.googleapis.com:enable [none]
[debug] [2024-09-08T07:37:06.514Z] >>> [apiv2][(partial)header] POST https://serviceusage.googleapis.com/v1/projects/aconews-9fc78/services/cloudfunctions.googleapis.com:enable x-goog-quota-user=projects/aconews-9fc78
[debug] [2024-09-08T07:37:07.085Z] <<< [apiv2][status] POST https://serviceusage.googleapis.com/v1/projects/aconews-9fc78/services/cloudfunctions.googleapis.com:enable 200
[debug] [2024-09-08T07:37:07.085Z] <<< [apiv2][body] POST https://serviceusage.googleapis.com/v1/projects/aconews-9fc78/services/cloudfunctions.googleapis.com:enable [omitted]
[debug] [2024-09-08T07:37:17.097Z] >>> [apiv2][query] GET https://serviceusage.googleapis.com/v1/projects/aconews-9fc78/services/cloudfunctions.googleapis.com [none]
[debug] [2024-09-08T07:37:17.097Z] >>> [apiv2][(partial)header] GET https://serviceusage.googleapis.com/v1/projects/aconews-9fc78/services/cloudfunctions.googleapis.com x-goog-quota-user=projects/aconews-9fc78
[debug] [2024-09-08T07:37:17.784Z] <<< [apiv2][status] GET https://serviceusage.googleapis.com/v1/projects/aconews-9fc78/services/cloudfunctions.googleapis.com 200
[debug] [2024-09-08T07:37:17.784Z] <<< [apiv2][body] GET https://serviceusage.googleapis.com/v1/projects/aconews-9fc78/services/cloudfunctions.googleapis.com [omitted]
[info] Let's create a new codebase for your functions.
[info] A directory corresponding to the codebase will be created in your project
[info] with sample code pre-configured.

[info] See https://firebase.google.com/docs/functions/organize-functions for
[info] more information on organizing your functions using codebases.

[info] Functions can be deployed with firebase deploy.

[info] +  Wrote functions/package.json 
[info] +  Wrote functions/.eslintrc.js 
[info] +  Wrote functions/index.js 
[info] +  Wrote functions/.gitignore 
[info] 
=== Hosting Setup
[debug] [2024-09-08T07:37:52.120Z] >>> [apiv2][query] GET https://firebase.googleapis.com/v1beta1/projects/aconews-9fc78 [none]
[debug] [2024-09-08T07:37:52.536Z] <<< [apiv2][status] GET https://firebase.googleapis.com/v1beta1/projects/aconews-9fc78 200
[debug] [2024-09-08T07:37:52.537Z] <<< [apiv2][body] GET https://firebase.googleapis.com/v1beta1/projects/aconews-9fc78 {"projectId":"aconews-9fc78","projectNumber":"468857793274","displayName":"aconews","name":"projects/aconews-9fc78","resources":{"hostingSite":"aconews-9fc78","realtimeDatabaseInstance":"aconews-9fc78-default-rtdb"},"state":"ACTIVE","etag":"1_88bc22db-3a18-4906-8279-c6e8f04a1aa7"}
[info] 
[info] Your public directory is the folder (relative to your project directory) that
[info] will contain Hosting assets to be uploaded with firebase deploy. If you
[info] have a build process for your assets, use your build's output directory.
[info] 
[info] +  Wrote public/404.html 
[debug] [2024-09-08T07:38:09.061Z] >>> [apiv2][query] GET https://www.gstatic.com/firebasejs/releases.json [none]
[debug] [2024-09-08T07:38:09.132Z] <<< [apiv2][status] GET https://www.gstatic.com/firebasejs/releases.json 200
[debug] [2024-09-08T07:38:09.132Z] <<< [apiv2][body] GET https://www.gstatic.com/firebasejs/releases.json {"current":{"version":"10.13.1","browserURL":"https://www.gstatic.com/firebasejs/10.13.1/firebase.js","packageURL":"https://www.gstatic.com/firebasejs/10.13.1/firebase.tgz"},"live":{"version":"10.13","browserURL":"https://www.gstatic.com/firebasejs/live/10.13/firebase.js","packageURL":"https://www.gstatic.com/firebasejs/live/10.13/firebase.tgz"},"components":{"analytics":"https://www.gstatic.com/firebasejs/10.13.1/firebase-analytics.js","app":"https://www.gstatic.com/firebasejs/10.13.1/firebase-app.js","app-check":"https://www.gstatic.com/firebasejs/10.13.1/firebase-app-check.js","auth":"https://www.gstatic.com/firebasejs/10.13.1/firebase-auth.js","auth/cordova":"https://www.gstatic.com/firebasejs/10.13.1/firebase-auth/cordova.js","auth/web-extension":"https://www.gstatic.com/firebasejs/10.13.1/firebase-auth/web-extension.js","functions":"https://www.gstatic.com/firebasejs/10.13.1/firebase-functions.js","firestore":"https://www.gstatic.com/firebasejs/10.13.1/firebase-firestore.js","firestore/lite":"https://www.gstatic.com/firebasejs/10.13.1/firebase-firestore/lite.js","installations":"https://www.gstatic.com/firebasejs/10.13.1/firebase-installations.js","storage":"https://www.gstatic.com/firebasejs/10.13.1/firebase-storage.js","performance":"https://www.gstatic.com/firebasejs/10.13.1/firebase-performance.js","remote-config":"https://www.gstatic.com/firebasejs/10.13.1/firebase-remote-config.js","messaging":"https://www.gstatic.com/firebasejs/10.13.1/firebase-messaging.js","messaging/sw":"https://www.gstatic.com/firebasejs/10.13.1/firebase-messaging/sw.js","database":"https://www.gstatic.com/firebasejs/10.13.1/firebase-database.js","vertexai-preview":"https://www.gstatic.com/firebasejs/10.13.1/firebase-vertexai-preview.js","firestore.memory":"https://www.gstatic.com/firebasejs/10.13.1/firebase-firestore.memory.js"}}
[info] i  Skipping write of public/index.html 
[info] 
[info] i  Detected a .git folder at C:\Users\ajith\Desktop\acowale\aconews 
[info] i  Authorizing with GitHub to upload your service account to a GitHub repository's secrets store. 
[info] 
[info] Visit this URL on this device to log in:
[info] https://github.com/login/oauth/authorize?client_id=89cf50f02ac6aaed3484&state=454178645&redirect_uri=http%3A%2F%2Flocalhost%3A9005&scope=read%3Auser%20repo%20public_repo
[info] 
[info] Waiting for authentication...
[debug] [2024-09-08T07:39:15.869Z] >>> [apiv2][query] POST https://github.com/login/oauth/access_token [none]
[debug] [2024-09-08T07:39:15.870Z] >>> [apiv2][body] POST https://github.com/login/oauth/access_token [stream]
[debug] [2024-09-08T07:39:16.237Z] <<< [apiv2][status] POST https://github.com/login/oauth/access_token 200
[debug] [2024-09-08T07:39:16.237Z] <<< [apiv2][body] POST https://github.com/login/oauth/access_token {"access_token":"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","token_type":"bearer","scope":"read:user,repo"}
[debug] [2024-09-08T07:39:16.241Z] >>> [apiv2][query] GET https://api.github.com/user [none]
[debug] [2024-09-08T07:39:16.620Z] <<< [apiv2][status] GET https://api.github.com/user 200
[debug] [2024-09-08T07:39:16.621Z] <<< [apiv2][body] GET https://api.github.com/user {"login":"Deathblade405","id":119408106,"node_id":"U_kgDOBx4F6g","avatar_url":"https://avatars.githubusercontent.com/u/119408106?v=4","gravatar_id":"","url":"https://api.github.com/users/Deathblade405","html_url":"https://github.com/Deathblade405","followers_url":"https://api.github.com/users/Deathblade405/followers","following_url":"https://api.github.com/users/Deathblade405/following{/other_user}","gists_url":"https://api.github.com/users/Deathblade405/gists{/gist_id}","starred_url":"https://api.github.com/users/Deathblade405/starred{/owner}{/repo}","subscriptions_url":"https://api.github.com/users/Deathblade405/subscriptions","organizations_url":"https://api.github.com/users/Deathblade405/orgs","repos_url":"https://api.github.com/users/Deathblade405/repos","events_url":"https://api.github.com/users/Deathblade405/events{/privacy}","received_events_url":"https://api.github.com/users/Deathblade405/received_events","type":"User","site_admin":false,"name":"Ajith narayana K","company":null,"blog":"","location":null,"email":null,"hireable":null,"bio":null,"twitter_username":null,"notification_email":null,"public_repos":14,"public_gists":0,"followers":6,"following":2,"created_at":"2022-11-29T09:31:34Z","updated_at":"2024-09-05T13:11:50Z","private_gists":0,"total_private_repos":1,"owned_private_repos":1,"disk_usage":72827,"collaborators":0,"two_factor_authentication":true,"plan":{"name":"pro","space":976562499,"collaborators":0,"private_repos":9999}}
[info] 
[info] +  Success! Logged into GitHub as Deathblade405 
[info] 
[debug] [2024-09-08T07:39:26.223Z] >>> [apiv2][query] GET https://api.github.com/repos//actions/secrets/public-key type=owner
[debug] [2024-09-08T07:39:26.532Z] <<< [apiv2][status] GET https://api.github.com/repos//actions/secrets/public-key 404
[debug] [2024-09-08T07:39:26.533Z] <<< [apiv2][body] GET https://api.github.com/repos//actions/secrets/public-key {"message":"Not Found","documentation_url":"https://docs.github.com/rest","status":"404"}
[info] 
[info] 
[error] !  The provided authorization cannot be used with this repository. If this repository is in an organization, did you remember to grant access? 
[info] 
[info] i  Action required: Visit this URL to ensure access has been granted to the appropriate organization(s) for the Firebase CLI GitHub OAuth App: 
[info] https://github.com/settings/connections/applications/89cf50f02ac6aaed3484
[info] 
[debug] [2024-09-08T07:39:31.065Z] >>> [apiv2][query] GET https://api.github.com/repos//actions/secrets/public-key type=owner
[debug] [2024-09-08T07:39:31.312Z] <<< [apiv2][status] GET https://api.github.com/repos//actions/secrets/public-key 404
[debug] [2024-09-08T07:39:31.312Z] <<< [apiv2][body] GET https://api.github.com/repos//actions/secrets/public-key {"message":"Not Found","documentation_url":"https://docs.github.com/rest","status":"404"}
[info] 
[info] 
[error] !  The provided authorization cannot be used with this repository. If this repository is in an organization, did you remember to grant access? 
[info] 
[info] i  Action required: Visit this URL to ensure access has been granted to the appropriate organization(s) for the Firebase CLI GitHub OAuth App: 
[info] https://github.com/settings/connections/applications/89cf50f02ac6aaed3484
[info] 
[debug] [2024-09-08T07:39:32.201Z] >>> [apiv2][query] GET https://api.github.com/repos//actions/secrets/public-key type=owner
[debug] [2024-09-08T07:39:32.460Z] <<< [apiv2][status] GET https://api.github.com/repos//actions/secrets/public-key 404
[debug] [2024-09-08T07:39:32.460Z] <<< [apiv2][body] GET https://api.github.com/repos//actions/secrets/public-key {"message":"Not Found","documentation_url":"https://docs.github.com/rest","status":"404"}
[info] 
[info] 
[error] !  The provided authorization cannot be used with this repository. If this repository is in an organization, did you remember to grant access? 
[info] 
[info] i  Action required: Visit this URL to ensure access has been granted to the appropriate organization(s) for the Firebase CLI GitHub OAuth App: 
[info] https://github.com/settings/connections/applications/89cf50f02ac6aaed3484
[info] 
[debug] [2024-09-08T07:39:35.021Z] >>> [apiv2][query] GET https://api.github.com/repos//actions/secrets/public-key type=owner
[debug] [2024-09-08T07:39:35.280Z] <<< [apiv2][status] GET https://api.github.com/repos//actions/secrets/public-key 404
[debug] [2024-09-08T07:39:35.280Z] <<< [apiv2][body] GET https://api.github.com/repos//actions/secrets/public-key {"message":"Not Found","documentation_url":"https://docs.github.com/rest","status":"404"}
[info] 
[info] 
[error] !  The provided authorization cannot be used with this repository. If this repository is in an organization, did you remember to grant access? 
[info] 
[info] i  Action required: Visit this URL to ensure access has been granted to the appropriate organization(s) for the Firebase CLI GitHub OAuth App: 
[info] https://github.com/settings/connections/applications/89cf50f02ac6aaed3484
[info] 
[debug] [2024-09-08T07:39:41.511Z] >>> [apiv2][query] GET https://api.github.com/repos//actions/secrets/public-key type=owner
[debug] [2024-09-08T07:39:41.821Z] >>> [apiv2][query] GET https://api.github.com/repos//actions/secrets/public-key type=owner
[debug] [2024-09-08T07:39:41.824Z] <<< [apiv2][status] GET https://api.github.com/repos//actions/secrets/public-key 404
[debug] [2024-09-08T07:39:41.824Z] <<< [apiv2][body] GET https://api.github.com/repos//actions/secrets/public-key {"message":"Not Found","documentation_url":"https://docs.github.com/rest","status":"404"}
[info] 
[info] 
[error] !  The provided authorization cannot be used with this repository. If this repository is in an organization, did you remember to grant access? 
[info] 
[info] i  Action required: Visit this URL to ensure access has been granted to the appropriate organization(s) for the Firebase CLI GitHub OAuth App: 
[info] https://github.com/settings/connections/applications/89cf50f02ac6aaed3484
[info] 
[debug] [2024-09-08T07:39:42.130Z] <<< [apiv2][status] GET https://api.github.com/repos//actions/secrets/public-key 404
[debug] [2024-09-08T07:39:42.130Z] <<< [apiv2][body] GET https://api.github.com/repos//actions/secrets/public-key {"message":"Not Found","documentation_url":"https://docs.github.com/rest","status":"404"}
[info] 
[info] 
[error] !  The provided authorization cannot be used with this repository. If this repository is in an organization, did you remember to grant access? 
[info] 
[info] i  Action required: Visit this URL to ensure access has been granted to the appropriate organization(s) for the Firebase CLI GitHub OAuth App: 
[info] https://github.com/settings/connections/applications/89cf50f02ac6aaed3484
[info] 
[debug] [2024-09-08T07:39:59.472Z] >>> [apiv2][query] GET https://api.github.com/repos//actions/secrets/public-key type=owner
[debug] [2024-09-08T07:39:59.823Z] <<< [apiv2][status] GET https://api.github.com/repos//actions/secrets/public-key 404
[debug] [2024-09-08T07:39:59.823Z] <<< [apiv2][body] GET https://api.github.com/repos//actions/secrets/public-key {"message":"Not Found","documentation_url":"https://docs.github.com/rest","status":"404"}
[info] 
[info] 
[error] !  The provided authorization cannot be used with this repository. If this repository is in an organization, did you remember to grant access? 
[info] 
[info] i  Action required: Visit this URL to ensure access has been granted to the appropriate organization(s) for the Firebase CLI GitHub OAuth App: 
[info] https://github.com/settings/connections/applications/89cf50f02ac6aaed3484
[info] 
[debug] [2024-09-08T07:40:00.330Z] >>> [apiv2][query] GET https://api.github.com/repos//actions/secrets/public-key type=owner
[debug] [2024-09-08T07:40:00.587Z] <<< [apiv2][status] GET https://api.github.com/repos//actions/secrets/public-key 404
[debug] [2024-09-08T07:40:00.587Z] <<< [apiv2][body] GET https://api.github.com/repos//actions/secrets/public-key {"message":"Not Found","documentation_url":"https://docs.github.com/rest","status":"404"}
[info] 
[info] 
[error] !  The provided authorization cannot be used with this repository. If this repository is in an organization, did you remember to grant access? 
[info] 
[info] i  Action required: Visit this URL to ensure access has been granted to the appropriate organization(s) for the Firebase CLI GitHub OAuth App: 
[info] https://github.com/settings/connections/applications/89cf50f02ac6aaed3484
[info] 
